# JRE version: Java(TM) SE Runtime Environment (8.0_31-b13) (build 1.8.0_31-b13)
# Java VM: Java HotSpot(TM) Client VM (25.31-b07 mixed mode windows-x86 )
Heap:
 def new generation   total 8768K, used 6367K [0x03c00000, 0x04580000, 0x09150000)
  eden space 7808K,  81% used [0x03c00000, 0x04237d80, 0x043a0000)
  from space 960K,   0% used [0x043a0000, 0x043a0000, 0x04490000)
  to   space 960K,   0% used [0x04490000, 0x04490000, 0x04580000)
 tenured generation   total 19300K, used 11579K [0x09150000, 0x0a429000, 0x13c00000)
   the space 19300K,  59% used [0x09150000, 0x09c9eec0, 0x09c9f000, 0x0a429000)
 Metaspace       used 8517K, capacity 8653K, committed 8704K, reserved 9600K
GC Heap History (10 events):
Event: 0.239 GC heap before
{Heap before GC invocations=0 (full 0):
 def new generation   total 4928K, used 4416K [0x03c00000, 0x04150000, 0x09150000)
  eden space 4416K, 100% used [0x03c00000, 0x04050000, 0x04050000)
  from space 512K,   0% used [0x04050000, 0x04050000, 0x040d0000)
  to   space 512K,   0% used [0x040d0000, 0x040d0000, 0x04150000)
 tenured generation   total 10944K, used 0K [0x09150000, 0x09c00000, 0x13c00000)
   the space 10944K,   0% used [0x09150000, 0x09150000, 0x09150200, 0x09c00000)
 Metaspace       used 6213K, capacity 6365K, committed 6400K, reserved 6528K
Event: 0.244 GC heap after
Heap after GC invocations=1 (full 0):
 def new generation   total 4928K, used 512K [0x03c00000, 0x04150000, 0x09150000)
  eden space 4416K,   0% used [0x03c00000, 0x03c00000, 0x04050000)
  from space 512K, 100% used [0x040d0000, 0x04150000, 0x04150000)
  to   space 512K,   0% used [0x04050000, 0x04050000, 0x040d0000)
 tenured generation   total 10944K, used 1099K [0x09150000, 0x09c00000, 0x13c00000)
   the space 10944K,  10% used [0x09150000, 0x09262c50, 0x09262e00, 0x09c00000)
 Metaspace       used 6213K, capacity 6365K, committed 6400K, reserved 6528K
}
Event: 0.733 GC heap before
{Heap before GC invocations=1 (full 0):
 def new generation   total 4928K, used 4906K [0x03c00000, 0x04150000, 0x09150000)
  eden space 4416K,  99% used [0x03c00000, 0x0404a8a0, 0x04050000)
  from space 512K, 100% used [0x040d0000, 0x04150000, 0x04150000)
  to   space 512K,   0% used [0x04050000, 0x04050000, 0x040d0000)
 tenured generation   total 10944K, used 1099K [0x09150000, 0x09c00000, 0x13c00000)
   the space 10944K,  10% used [0x09150000, 0x09262c50, 0x09262e00, 0x09c00000)
 Metaspace       used 7490K, capacity 7661K, committed 7680K, reserved 8576K
Event: 0.750 GC heap after
Heap after GC invocations=2 (full 0):
 def new generation   total 4928K, used 512K [0x03c00000, 0x04150000, 0x09150000)
  eden space 4416K,   0% used [0x03c00000, 0x03c00000, 0x04050000)
  from space 512K, 100% used [0x04050000, 0x040d0000, 0x040d0000)
  to   space 512K,   0% used [0x040d0000, 0x040d0000, 0x04150000)
 tenured generation   total 10944K, used 2810K [0x09150000, 0x09c00000, 0x13c00000)
   the space 10944K,  25% used [0x09150000, 0x0940eab0, 0x0940ec00, 0x09c00000)
 Metaspace       used 7490K, capacity 7661K, committed 7680K, reserved 8576K
}
Event: 1.038 GC heap before
{Heap before GC invocations=2 (full 0):
 def new generation   total 4928K, used 4342K [0x03c00000, 0x04150000, 0x09150000)
  eden space 4416K,  86% used [0x03c00000, 0x03fbd980, 0x04050000)
  from space 512K, 100% used [0x04050000, 0x040d0000, 0x040d0000)
  to   space 512K,   0% used [0x040d0000, 0x040d0000, 0x04150000)
 tenured generation   total 10944K, used 2810K [0x09150000, 0x09c00000, 0x13c00000)
   the space 10944K,  25% used [0x09150000, 0x0940eab0, 0x0940ec00, 0x09c00000)
 Metaspace       used 8409K, capacity 8559K, committed 8576K, reserved 8576K
Event: 1.042 GC heap after
Heap after GC invocations=3 (full 0):
 def new generation   total 4928K, used 512K [0x03c00000, 0x04150000, 0x09150000)
  eden space 4416K,   0% used [0x03c00000, 0x03c00000, 0x04050000)
  from space 512K, 100% used [0x040d0000, 0x04150000, 0x04150000)
  to   space 512K,   0% used [0x04050000, 0x04050000, 0x040d0000)
 tenured generation   total 10944K, used 4201K [0x09150000, 0x09c00000, 0x13c00000)
   the space 10944K,  38% used [0x09150000, 0x0956a6d8, 0x0956a800, 0x09c00000)
 Metaspace       used 8409K, capacity 8559K, committed 8576K, reserved 8576K
}
Event: 1.189 GC heap before
{Heap before GC invocations=3 (full 0):
 def new generation   total 4928K, used 4910K [0x03c00000, 0x04150000, 0x09150000)
  eden space 4416K,  99% used [0x03c00000, 0x0404b928, 0x04050000)
  from space 512K, 100% used [0x040d0000, 0x04150000, 0x04150000)
  to   space 512K,   0% used [0x04050000, 0x04050000, 0x040d0000)
 tenured generation   total 10944K, used 4201K [0x09150000, 0x09c00000, 0x13c00000)
   the space 10944K,  38% used [0x09150000, 0x0956a6d8, 0x0956a800, 0x09c00000)
 Metaspace       used 8441K, capacity 8591K, committed 8704K, reserved 9600K
Event: 1.192 GC heap after
Heap after GC invocations=4 (full 0):
 def new generation   total 4928K, used 13K [0x03c00000, 0x04150000, 0x09150000)
  eden space 4416K,   0% used [0x03c00000, 0x03c00000, 0x04050000)
  from space 512K,   2% used [0x04050000, 0x040534c0, 0x040d0000)
  to   space 512K,   0% used [0x040d0000, 0x040d0000, 0x04150000)
 tenured generation   total 10944K, used 8478K [0x09150000, 0x09c00000, 0x13c00000)
   the space 10944K,  77% used [0x09150000, 0x09997990, 0x09997a00, 0x09c00000)
 Metaspace       used 8441K, capacity 8591K, committed 8704K, reserved 9600K
}
Event: 1.340 GC heap before
{Heap before GC invocations=4 (full 0):
 def new generation   total 4928K, used 4164K [0x03c00000, 0x04150000, 0x09150000)
  eden space 4416K,  94% used [0x03c00000, 0x0400dee8, 0x04050000)
  from space 512K,   2% used [0x04050000, 0x040534c0, 0x040d0000)
  to   space 512K,   0% used [0x040d0000, 0x040d0000, 0x04150000)
 tenured generation   total 10944K, used 8478K [0x09150000, 0x09c00000, 0x13c00000)
   the space 10944K,  77% used [0x09150000, 0x09997990, 0x09997a00, 0x09c00000)
 Metaspace       used 8441K, capacity 8591K, committed 8704K, reserved 9600K
Event: 1.375 GC heap after
Heap after GC invocations=5 (full 1):
 def new generation   total 8768K, used 0K [0x03c00000, 0x04580000, 0x09150000)
  eden space 7808K,   0% used [0x03c00000, 0x03c00000, 0x043a0000)
  from space 960K,   0% used [0x043a0000, 0x043a0000, 0x04490000)
  to   space 960K,   0% used [0x04490000, 0x04490000, 0x04580000)
 tenured generation   total 19300K, used 11579K [0x09150000, 0x0a429000, 0x13c00000)
   the space 19300K,  59% used [0x09150000, 0x09c9eec0, 0x09c9f000, 0x0a429000)
 Metaspace       used 8440K, capacity 8589K, committed 8704K, reserved 9600K
}

