# JRE version: Java(TM) SE Runtime Environment (8.0_31-b13) (build 1.8.0_31-b13)
# Java VM: Java HotSpot(TM) Client VM (25.31-b07 mixed mode windows-x86 )
Heap:
 def new generation   total 7936K, used 1931K [0x03e00000, 0x04690000, 0x09350000)
  eden space 7104K,  17% used [0x03e00000, 0x03f372a0, 0x044f0000)
  from space 832K,  82% used [0x045c0000, 0x0466b9c0, 0x04690000)
  to   space 832K,   0% used [0x044f0000, 0x044f0000, 0x045c0000)
 tenured generation   total 17364K, used 16492K [0x09350000, 0x0a445000, 0x13e00000)
   the space 17364K,  94% used [0x09350000, 0x0a36b250, 0x0a36b400, 0x0a445000)
 Metaspace       used 8664K, capacity 8781K, committed 8832K, reserved 9600K
GC Heap History (10 events):
Event: 1.308 GC heap before
{Heap before GC invocations=1 (full 0):
 def new generation   total 4928K, used 4928K [0x03e00000, 0x04350000, 0x09350000)
  eden space 4416K, 100% used [0x03e00000, 0x04250000, 0x04250000)
  from space 512K, 100% used [0x042d0000, 0x04350000, 0x04350000)
  to   space 512K,   0% used [0x04250000, 0x04250000, 0x042d0000)
 tenured generation   total 10944K, used 1097K [0x09350000, 0x09e00000, 0x13e00000)
   the space 10944K,  10% used [0x09350000, 0x09462430, 0x09462600, 0x09e00000)
 Metaspace       used 7460K, capacity 7599K, committed 7680K, reserved 8576K
Event: 1.313 GC heap after
Heap after GC invocations=2 (full 0):
 def new generation   total 4928K, used 512K [0x03e00000, 0x04350000, 0x09350000)
  eden space 4416K,   0% used [0x03e00000, 0x03e00000, 0x04250000)
  from space 512K, 100% used [0x04250000, 0x042d0000, 0x042d0000)
  to   space 512K,   0% used [0x042d0000, 0x042d0000, 0x04350000)
 tenured generation   total 10944K, used 2105K [0x09350000, 0x09e00000, 0x13e00000)
   the space 10944K,  19% used [0x09350000, 0x0955e780, 0x0955e800, 0x09e00000)
 Metaspace       used 7460K, capacity 7599K, committed 7680K, reserved 8576K
}
Event: 2.348 GC heap before
{Heap before GC invocations=2 (full 0):
 def new generation   total 4928K, used 4928K [0x03e00000, 0x04350000, 0x09350000)
  eden space 4416K, 100% used [0x03e00000, 0x04250000, 0x04250000)
  from space 512K, 100% used [0x04250000, 0x042d0000, 0x042d0000)
  to   space 512K,   0% used [0x042d0000, 0x042d0000, 0x04350000)
 tenured generation   total 10944K, used 2105K [0x09350000, 0x09e00000, 0x13e00000)
   the space 10944K,  19% used [0x09350000, 0x0955e780, 0x0955e800, 0x09e00000)
 Metaspace       used 8083K, capacity 8237K, committed 8320K, reserved 8576K
Event: 2.351 GC heap after
Heap after GC invocations=3 (full 0):
 def new generation   total 4928K, used 511K [0x03e00000, 0x04350000, 0x09350000)
  eden space 4416K,   0% used [0x03e00000, 0x03e00000, 0x04250000)
  from space 512K,  99% used [0x042d0000, 0x0434fff8, 0x04350000)
  to   space 512K,   0% used [0x04250000, 0x04250000, 0x042d0000)
 tenured generation   total 10944K, used 3673K [0x09350000, 0x09e00000, 0x13e00000)
   the space 10944K,  33% used [0x09350000, 0x096e66e0, 0x096e6800, 0x09e00000)
 Metaspace       used 8083K, capacity 8237K, committed 8320K, reserved 8576K
}
Event: 2.835 GC heap before
{Heap before GC invocations=3 (full 0):
 def new generation   total 4928K, used 4927K [0x03e00000, 0x04350000, 0x09350000)
  eden space 4416K, 100% used [0x03e00000, 0x04250000, 0x04250000)
  from space 512K,  99% used [0x042d0000, 0x0434fff8, 0x04350000)
  to   space 512K,   0% used [0x04250000, 0x04250000, 0x042d0000)
 tenured generation   total 10944K, used 3673K [0x09350000, 0x09e00000, 0x13e00000)
   the space 10944K,  33% used [0x09350000, 0x096e66e0, 0x096e6800, 0x09e00000)
 Metaspace       used 8543K, capacity 8655K, committed 8704K, reserved 9600K
Event: 2.840 GC heap after
Heap after GC invocations=4 (full 0):
 def new generation   total 4928K, used 152K [0x03e00000, 0x04350000, 0x09350000)
  eden space 4416K,   0% used [0x03e00000, 0x03e00000, 0x04250000)
  from space 512K,  29% used [0x04250000, 0x04276388, 0x042d0000)
  to   space 512K,   0% used [0x042d0000, 0x042d0000, 0x04350000)
 tenured generation   total 10944K, used 7384K [0x09350000, 0x09e00000, 0x13e00000)
   the space 10944K,  67% used [0x09350000, 0x09a863a8, 0x09a86400, 0x09e00000)
 Metaspace       used 8543K, capacity 8655K, committed 8704K, reserved 9600K
}
Event: 2.958 GC heap before
{Heap before GC invocations=4 (full 0):
 def new generation   total 4928K, used 4551K [0x03e00000, 0x04350000, 0x09350000)
  eden space 4416K,  99% used [0x03e00000, 0x0424bb50, 0x04250000)
  from space 512K,  29% used [0x04250000, 0x04276388, 0x042d0000)
  to   space 512K,   0% used [0x042d0000, 0x042d0000, 0x04350000)
 tenured generation   total 10944K, used 7384K [0x09350000, 0x09e00000, 0x13e00000)
   the space 10944K,  67% used [0x09350000, 0x09a863a8, 0x09a86400, 0x09e00000)
 Metaspace       used 8603K, capacity 8719K, committed 8832K, reserved 9600K
Event: 2.992 GC heap after
Heap after GC invocations=5 (full 1):
 def new generation   total 7936K, used 0K [0x03e00000, 0x04690000, 0x09350000)
  eden space 7104K,   0% used [0x03e00000, 0x03e00000, 0x044f0000)
  from space 832K,   0% used [0x044f0000, 0x044f0000, 0x045c0000)
  to   space 832K,   0% used [0x045c0000, 0x045c0000, 0x04690000)
 tenured generation   total 17364K, used 10417K [0x09350000, 0x0a445000, 0x13e00000)
   the space 17364K,  59% used [0x09350000, 0x09d7c5e0, 0x09d7c600, 0x0a445000)
 Metaspace       used 8602K, capacity 8717K, committed 8832K, reserved 9600K
}
Event: 14.599 GC heap before
{Heap before GC invocations=5 (full 1):
 def new generation   total 7936K, used 7104K [0x03e00000, 0x04690000, 0x09350000)
  eden space 7104K, 100% used [0x03e00000, 0x044f0000, 0x044f0000)
  from space 832K,   0% used [0x044f0000, 0x044f0000, 0x045c0000)
  to   space 832K,   0% used [0x045c0000, 0x045c0000, 0x04690000)
 tenured generation   total 17364K, used 10417K [0x09350000, 0x0a445000, 0x13e00000)
   the space 17364K,  59% used [0x09350000, 0x09d7c5e0, 0x09d7c600, 0x0a445000)
 Metaspace       used 8603K, capacity 8717K, committed 8832K, reserved 9600K
Event: 14.615 GC heap after
Heap after GC invocations=6 (full 1):
 def new generation   total 7936K, used 686K [0x03e00000, 0x04690000, 0x09350000)
  eden space 7104K,   0% used [0x03e00000, 0x03e00000, 0x044f0000)
  from space 832K,  82% used [0x045c0000, 0x0466b9c0, 0x04690000)
  to   space 832K,   0% used [0x044f0000, 0x044f0000, 0x045c0000)
 tenured generation   total 17364K, used 16492K [0x09350000, 0x0a445000, 0x13e00000)
   the space 17364K,  94% used [0x09350000, 0x0a36b250, 0x0a36b400, 0x0a445000)
 Metaspace       used 8603K, capacity 8717K, committed 8832K, reserved 9600K
}

