# JRE version: Java(TM) SE Runtime Environment (8.0_31-b13) (build 1.8.0_31-b13)
# Java VM: Java HotSpot(TM) Client VM (25.31-b07 mixed mode windows-x86 )
Heap:
 def new generation   total 7552K, used 2474K [0x03a00000, 0x04230000, 0x08f50000)
  eden space 6720K,  26% used [0x03a00000, 0x03bc1e90, 0x04090000)
  from space 832K,  81% used [0x04160000, 0x04208cf8, 0x04230000)
  to   space 832K,   0% used [0x04090000, 0x04090000, 0x04160000)
 tenured generation   total 16644K, used 15384K [0x08f50000, 0x09f91000, 0x13a00000)
   the space 16644K,  92% used [0x08f50000, 0x09e56380, 0x09e56400, 0x09f91000)
 Metaspace       used 8915K, capacity 9069K, committed 9088K, reserved 9600K
GC Heap History (10 events):
Event: 0.386 GC heap before
{Heap before GC invocations=1 (full 0):
 def new generation   total 4928K, used 4928K [0x03a00000, 0x03f50000, 0x08f50000)
  eden space 4416K, 100% used [0x03a00000, 0x03e50000, 0x03e50000)
  from space 512K, 100% used [0x03ed0000, 0x03f50000, 0x03f50000)
  to   space 512K,   0% used [0x03e50000, 0x03e50000, 0x03ed0000)
 tenured generation   total 10944K, used 1111K [0x08f50000, 0x09a00000, 0x13a00000)
   the space 10944K,  10% used [0x08f50000, 0x09065e90, 0x09066000, 0x09a00000)
 Metaspace       used 7650K, capacity 7781K, committed 7808K, reserved 8576K
Event: 0.391 GC heap after
Heap after GC invocations=2 (full 0):
 def new generation   total 4928K, used 512K [0x03a00000, 0x03f50000, 0x08f50000)
  eden space 4416K,   0% used [0x03a00000, 0x03a00000, 0x03e50000)
  from space 512K, 100% used [0x03e50000, 0x03ed0000, 0x03ed0000)
  to   space 512K,   0% used [0x03ed0000, 0x03ed0000, 0x03f50000)
 tenured generation   total 10944K, used 2228K [0x08f50000, 0x09a00000, 0x13a00000)
   the space 10944K,  20% used [0x08f50000, 0x0917d1e8, 0x0917d200, 0x09a00000)
 Metaspace       used 7650K, capacity 7781K, committed 7808K, reserved 8576K
}
Event: 0.860 GC heap before
{Heap before GC invocations=2 (full 0):
 def new generation   total 4928K, used 4928K [0x03a00000, 0x03f50000, 0x08f50000)
  eden space 4416K, 100% used [0x03a00000, 0x03e50000, 0x03e50000)
  from space 512K, 100% used [0x03e50000, 0x03ed0000, 0x03ed0000)
  to   space 512K,   0% used [0x03ed0000, 0x03ed0000, 0x03f50000)
 tenured generation   total 10944K, used 2228K [0x08f50000, 0x09a00000, 0x13a00000)
   the space 10944K,  20% used [0x08f50000, 0x0917d1e8, 0x0917d200, 0x09a00000)
 Metaspace       used 8363K, capacity 8525K, committed 8576K, reserved 8576K
Event: 0.863 GC heap after
Heap after GC invocations=3 (full 0):
 def new generation   total 4928K, used 511K [0x03a00000, 0x03f50000, 0x08f50000)
  eden space 4416K,   0% used [0x03a00000, 0x03a00000, 0x03e50000)
  from space 512K,  99% used [0x03ed0000, 0x03f4fff8, 0x03f50000)
  to   space 512K,   0% used [0x03e50000, 0x03e50000, 0x03ed0000)
 tenured generation   total 10944K, used 3861K [0x08f50000, 0x09a00000, 0x13a00000)
   the space 10944K,  35% used [0x08f50000, 0x093156c8, 0x09315800, 0x09a00000)
 Metaspace       used 8363K, capacity 8525K, committed 8576K, reserved 8576K
}
Event: 1.237 GC heap before
{Heap before GC invocations=3 (full 0):
 def new generation   total 4928K, used 4850K [0x03a00000, 0x03f50000, 0x08f50000)
  eden space 4416K,  98% used [0x03a00000, 0x03e3c910, 0x03e50000)
  from space 512K,  99% used [0x03ed0000, 0x03f4fff8, 0x03f50000)
  to   space 512K,   0% used [0x03e50000, 0x03e50000, 0x03ed0000)
 tenured generation   total 10944K, used 3861K [0x08f50000, 0x09a00000, 0x13a00000)
   the space 10944K,  35% used [0x08f50000, 0x093156c8, 0x09315800, 0x09a00000)
 Metaspace       used 8914K, capacity 9071K, committed 9088K, reserved 9600K
Event: 1.242 GC heap after
Heap after GC invocations=4 (full 0):
 def new generation   total 4928K, used 217K [0x03a00000, 0x03f50000, 0x08f50000)
  eden space 4416K,   0% used [0x03a00000, 0x03a00000, 0x03e50000)
  from space 512K,  42% used [0x03e50000, 0x03e86410, 0x03ed0000)
  to   space 512K,   0% used [0x03ed0000, 0x03ed0000, 0x03f50000)
 tenured generation   total 10944K, used 7005K [0x08f50000, 0x09a00000, 0x13a00000)
   the space 10944K,  64% used [0x08f50000, 0x09627548, 0x09627600, 0x09a00000)
 Metaspace       used 8914K, capacity 9071K, committed 9088K, reserved 9600K
}
Event: 1.367 GC heap before
{Heap before GC invocations=4 (full 0):
 def new generation   total 4928K, used 4399K [0x03a00000, 0x03f50000, 0x08f50000)
  eden space 4416K,  94% used [0x03a00000, 0x03e15a48, 0x03e50000)
  from space 512K,  42% used [0x03e50000, 0x03e86410, 0x03ed0000)
  to   space 512K,   0% used [0x03ed0000, 0x03ed0000, 0x03f50000)
 tenured generation   total 10944K, used 7005K [0x08f50000, 0x09a00000, 0x13a00000)
   the space 10944K,  64% used [0x08f50000, 0x09627548, 0x09627600, 0x09a00000)
 Metaspace       used 8914K, capacity 9071K, committed 9088K, reserved 9600K
Event: 1.387 GC heap after
Heap after GC invocations=5 (full 1):
 def new generation   total 7552K, used 0K [0x03a00000, 0x04230000, 0x08f50000)
  eden space 6720K,   0% used [0x03a00000, 0x03a00000, 0x04090000)
  from space 832K,   0% used [0x04090000, 0x04090000, 0x04160000)
  to   space 832K,   0% used [0x04160000, 0x04160000, 0x04230000)
 tenured generation   total 16644K, used 9984K [0x08f50000, 0x09f91000, 0x13a00000)
   the space 16644K,  59% used [0x08f50000, 0x09910320, 0x09910400, 0x09f91000)
 Metaspace       used 8913K, capacity 9069K, committed 9088K, reserved 9600K
}
Event: 1.707 GC heap before
{Heap before GC invocations=5 (full 1):
 def new generation   total 7552K, used 6164K [0x03a00000, 0x04230000, 0x08f50000)
  eden space 6720K,  91% used [0x03a00000, 0x040051d8, 0x04090000)
  from space 832K,   0% used [0x04090000, 0x04090000, 0x04160000)
  to   space 832K,   0% used [0x04160000, 0x04160000, 0x04230000)
 tenured generation   total 16644K, used 9984K [0x08f50000, 0x09f91000, 0x13a00000)
   the space 16644K,  59% used [0x08f50000, 0x09910320, 0x09910400, 0x09f91000)
 Metaspace       used 8913K, capacity 9069K, committed 9088K, reserved 9600K
Event: 1.717 GC heap after
Heap after GC invocations=6 (full 1):
 def new generation   total 7552K, used 675K [0x03a00000, 0x04230000, 0x08f50000)
  eden space 6720K,   0% used [0x03a00000, 0x03a00000, 0x04090000)
  from space 832K,  81% used [0x04160000, 0x04208cf8, 0x04230000)
  to   space 832K,   0% used [0x04090000, 0x04090000, 0x04160000)
 tenured generation   total 16644K, used 15384K [0x08f50000, 0x09f91000, 0x13a00000)
   the space 16644K,  92% used [0x08f50000, 0x09e56380, 0x09e56400, 0x09f91000)
 Metaspace       used 8913K, capacity 9069K, committed 9088K, reserved 9600K
}

